[debug] [2023-01-25T12:38:21.528Z] ----------------------------------------------------------------------
[debug] [2023-01-25T12:38:21.530Z] Command:       C:\Program Files\nodejs\node.exe C:\Users\user\AppData\Roaming\npm\node_modules\firebase-tools\lib\bin\firebase.js deploy
[debug] [2023-01-25T12:38:21.531Z] CLI Version:   11.21.0
[debug] [2023-01-25T12:38:21.531Z] Platform:      win32
[debug] [2023-01-25T12:38:21.531Z] Node Version:  v18.12.1
[debug] [2023-01-25T12:38:21.535Z] Time:          Wed Jan 25 2023 18:38:21 GMT+0600 (Восточный Казахстан)
[debug] [2023-01-25T12:38:21.535Z] ----------------------------------------------------------------------
[debug] 
[debug] [2023-01-25T12:38:21.607Z] > command requires scopes: ["email","openid","https://www.googleapis.com/auth/cloudplatformprojects.readonly","https://www.googleapis.com/auth/firebase","https://www.googleapis.com/auth/cloud-platform"]
[debug] [2023-01-25T12:38:21.607Z] > authorizing via signed-in user (ilhamhalmurzaev@gmail.com)
[debug] [2023-01-25T12:38:21.608Z] [iam] checking project deployfullstack-754da for permissions ["firebase.projects.get","firebasehosting.sites.update"]
[debug] [2023-01-25T12:38:21.610Z] >>> [apiv2][query] POST https://cloudresourcemanager.googleapis.com/v1/projects/deployfullstack-754da:testIamPermissions [none]
[debug] [2023-01-25T12:38:21.610Z] >>> [apiv2][(partial)header] POST https://cloudresourcemanager.googleapis.com/v1/projects/deployfullstack-754da:testIamPermissions x-goog-quota-user=projects/deployfullstack-754da
[debug] [2023-01-25T12:38:21.610Z] >>> [apiv2][body] POST https://cloudresourcemanager.googleapis.com/v1/projects/deployfullstack-754da:testIamPermissions {"permissions":["firebase.projects.get","firebasehosting.sites.update"]}
[debug] [2023-01-25T12:38:22.802Z] <<< [apiv2][status] POST https://cloudresourcemanager.googleapis.com/v1/projects/deployfullstack-754da:testIamPermissions 200
[debug] [2023-01-25T12:38:22.802Z] <<< [apiv2][body] POST https://cloudresourcemanager.googleapis.com/v1/projects/deployfullstack-754da:testIamPermissions {"permissions":["firebase.projects.get","firebasehosting.sites.update"]}
[debug] [2023-01-25T12:38:22.804Z] >>> [apiv2][query] GET https://firebase.googleapis.com/v1beta1/projects/deployfullstack-754da [none]
[debug] [2023-01-25T12:38:23.278Z] <<< [apiv2][status] GET https://firebase.googleapis.com/v1beta1/projects/deployfullstack-754da 200
[debug] [2023-01-25T12:38:23.278Z] <<< [apiv2][body] GET https://firebase.googleapis.com/v1beta1/projects/deployfullstack-754da {"projectId":"deployfullstack-754da","projectNumber":"48552399155","displayName":"deployFullstack","name":"projects/deployfullstack-754da","resources":{"hostingSite":"deployfullstack-754da"},"state":"ACTIVE","etag":"1_08189f9e-6dc6-4187-b662-01db946dc585"}
[info] 
[info] === Deploying to 'deployfullstack-754da'...
[info] 
[info] i  deploying hosting 
[debug] [2023-01-25T12:38:23.285Z] >>> [apiv2][query] POST https://firebasehosting.googleapis.com/v1beta1/projects/-/sites/deployfullstack-754da/versions [none]
[debug] [2023-01-25T12:38:23.285Z] >>> [apiv2][body] POST https://firebasehosting.googleapis.com/v1beta1/projects/-/sites/deployfullstack-754da/versions {"status":"CREATED","labels":{"deployment-tool":"cli-firebase"}}
[debug] [2023-01-25T12:38:25.233Z] <<< [apiv2][status] POST https://firebasehosting.googleapis.com/v1beta1/projects/-/sites/deployfullstack-754da/versions 200
[debug] [2023-01-25T12:38:25.233Z] <<< [apiv2][body] POST https://firebasehosting.googleapis.com/v1beta1/projects/-/sites/deployfullstack-754da/versions {"name":"projects/48552399155/sites/deployfullstack-754da/versions/39af01f29bb9bc8b","status":"CREATED","config":{},"labels":{"deployment-tool":"cli-firebase"}}
[info] i  hosting[deployfullstack-754da]: beginning deploy... 
[info] i  hosting[deployfullstack-754da]: found 15 files in build 
[debug] [2023-01-25T12:38:25.256Z] [hosting] uploading with 200 concurrency
[debug] [2023-01-25T12:38:25.258Z] [hosting] hash cache [YnVpbGQ] not populated
[debug] [2023-01-25T12:38:25.690Z] [hosting] hash cache [YnVpbGQ] stored for 15 files
[debug] [2023-01-25T12:38:25.690Z] [hosting][hash queue][FINAL] {"max":424,"min":11,"avg":50.46666666666667,"active":0,"complete":15,"success":15,"errored":0,"retried":0,"total":15,"elapsed":430}
[debug] [2023-01-25T12:38:25.691Z] >>> [apiv2][query] POST https://firebasehosting.googleapis.com/v1beta1/projects/48552399155/sites/deployfullstack-754da/versions/39af01f29bb9bc8b:populateFiles [none]
[debug] [2023-01-25T12:38:25.691Z] >>> [apiv2][body] POST https://firebasehosting.googleapis.com/v1beta1/projects/48552399155/sites/deployfullstack-754da/versions/39af01f29bb9bc8b:populateFiles {"files":{"/asset-manifest.json":"3deef1b69fbc57b09ebaefc374724701188db822891dc7857701f921d438684b","/index.html":"612566ee0168340909ec4afe7c9f5a8870516d7026d13141396090aea6db43d4","/manifest.json":"aff3449bdc238776f5d6d967f19ec491b36aed5fb7f23ccff6500736fd58494a","/robots.txt":"bfe106a3fb878dc83461c86818bf74fc1bdc7f28538ba613cd3e775516ce8b49","/static/js/main.70fc51d7.js.LICENSE.txt":"473220a1236949865fb1053928b7e2582735f763b0ceda1d3dc79e856a897098","/favicon.ico":"eae62e993eb980ec8a25058c39d5a51feab118bd2100c4deebb2a9c158ec11f9","/logo192.png":"3ee59515172ee198f3be375979df15ac5345183e656720a381b8872b2a39dc8b","/logo512.png":"ee7e2f3fdb8209c4b6fd7bef6ba50d1b9dba30a25bb5c3126df057e1cb6f5331","/static/media/CentraNo2-Book.2b143fa4b734a3584043.ttf":"7d47e57e1ce359712a8fa7ae27b3e8244066f5029ef050e93d4a44a47c3bbcfd","/static/media/CentraNo2-Bold.2faff7f7d3fc92a2fcd9.ttf":"fa01626eb6cbebf0e536ef388880a3ce370749e44078128502bcb16d868f6200","/static/media/CentraNo2-Medium.f94be5b326d78bb32b95.ttf":"1f3b57b1c805826e01e8e017a824adb204c1fe784eb387c09eafb95e42a0c1c6","/static/css/main.e1b9822f.css":"6b06d6a19cbdae1dc9081bda81b7240e4de05ad0b700536d3a6329f6d5b367b3","/static/css/main.e1b9822f.css.map":"13ba252afc10f482fd8adcf50ac3e9691d8fe3f11dff50ce7e19e1a41987b823","/static/js/main.70fc51d7.js":"7dbc5ed11818fc6991fa8ee43bd5e981473776c77bb148011d8759011ca450d0","/static/js/main.70fc51d7.js.map":"9ce722ebb557a55a85fee8e58c66527282c159ea0039cdf9df3319a62e2d9377"}}
[debug] [2023-01-25T12:38:30.000Z] <<< [apiv2][status] POST https://firebasehosting.googleapis.com/v1beta1/projects/48552399155/sites/deployfullstack-754da/versions/39af01f29bb9bc8b:populateFiles 200
[debug] [2023-01-25T12:38:30.000Z] <<< [apiv2][body] POST https://firebasehosting.googleapis.com/v1beta1/projects/48552399155/sites/deployfullstack-754da/versions/39af01f29bb9bc8b:populateFiles {"uploadRequiredHashes":["aff3449bdc238776f5d6d967f19ec491b36aed5fb7f23ccff6500736fd58494a","3ee59515172ee198f3be375979df15ac5345183e656720a381b8872b2a39dc8b","13ba252afc10f482fd8adcf50ac3e9691d8fe3f11dff50ce7e19e1a41987b823","473220a1236949865fb1053928b7e2582735f763b0ceda1d3dc79e856a897098","eae62e993eb980ec8a25058c39d5a51feab118bd2100c4deebb2a9c158ec11f9","1f3b57b1c805826e01e8e017a824adb204c1fe784eb387c09eafb95e42a0c1c6","9ce722ebb557a55a85fee8e58c66527282c159ea0039cdf9df3319a62e2d9377","3deef1b69fbc57b09ebaefc374724701188db822891dc7857701f921d438684b","fa01626eb6cbebf0e536ef388880a3ce370749e44078128502bcb16d868f6200","7dbc5ed11818fc6991fa8ee43bd5e981473776c77bb148011d8759011ca450d0","6b06d6a19cbdae1dc9081bda81b7240e4de05ad0b700536d3a6329f6d5b367b3","bfe106a3fb878dc83461c86818bf74fc1bdc7f28538ba613cd3e775516ce8b49","7d47e57e1ce359712a8fa7ae27b3e8244066f5029ef050e93d4a44a47c3bbcfd","ee7e2f3fdb8209c4b6fd7bef6ba50d1b9dba30a25bb5c3126df057e1cb6f5331","612566ee0168340909ec4afe7c9f5a8870516d7026d13141396090aea6db43d4"],"uploadUrl":"https://upload-firebasehosting.googleapis.com/upload/sites/deployfullstack-754da/versions/39af01f29bb9bc8b/files"}
[debug] [2023-01-25T12:38:30.007Z] >>> [apiv2][query] POST https://upload-firebasehosting.googleapis.com/upload/sites/deployfullstack-754da/versions/39af01f29bb9bc8b/files/aff3449bdc238776f5d6d967f19ec491b36aed5fb7f23ccff6500736fd58494a [none]
[debug] [2023-01-25T12:38:30.007Z] >>> [apiv2][body] POST https://upload-firebasehosting.googleapis.com/upload/sites/deployfullstack-754da/versions/39af01f29bb9bc8b/files/aff3449bdc238776f5d6d967f19ec491b36aed5fb7f23ccff6500736fd58494a [stream]
[debug] [2023-01-25T12:38:30.011Z] >>> [apiv2][query] POST https://upload-firebasehosting.googleapis.com/upload/sites/deployfullstack-754da/versions/39af01f29bb9bc8b/files/3ee59515172ee198f3be375979df15ac5345183e656720a381b8872b2a39dc8b [none]
[debug] [2023-01-25T12:38:30.012Z] >>> [apiv2][body] POST https://upload-firebasehosting.googleapis.com/upload/sites/deployfullstack-754da/versions/39af01f29bb9bc8b/files/3ee59515172ee198f3be375979df15ac5345183e656720a381b8872b2a39dc8b [stream]
[debug] [2023-01-25T12:38:30.013Z] >>> [apiv2][query] POST https://upload-firebasehosting.googleapis.com/upload/sites/deployfullstack-754da/versions/39af01f29bb9bc8b/files/13ba252afc10f482fd8adcf50ac3e9691d8fe3f11dff50ce7e19e1a41987b823 [none]
[debug] [2023-01-25T12:38:30.013Z] >>> [apiv2][body] POST https://upload-firebasehosting.googleapis.com/upload/sites/deployfullstack-754da/versions/39af01f29bb9bc8b/files/13ba252afc10f482fd8adcf50ac3e9691d8fe3f11dff50ce7e19e1a41987b823 [stream]
[debug] [2023-01-25T12:38:30.015Z] >>> [apiv2][query] POST https://upload-firebasehosting.googleapis.com/upload/sites/deployfullstack-754da/versions/39af01f29bb9bc8b/files/473220a1236949865fb1053928b7e2582735f763b0ceda1d3dc79e856a897098 [none]
[debug] [2023-01-25T12:38:30.015Z] >>> [apiv2][body] POST https://upload-firebasehosting.googleapis.com/upload/sites/deployfullstack-754da/versions/39af01f29bb9bc8b/files/473220a1236949865fb1053928b7e2582735f763b0ceda1d3dc79e856a897098 [stream]
[debug] [2023-01-25T12:38:30.017Z] >>> [apiv2][query] POST https://upload-firebasehosting.googleapis.com/upload/sites/deployfullstack-754da/versions/39af01f29bb9bc8b/files/eae62e993eb980ec8a25058c39d5a51feab118bd2100c4deebb2a9c158ec11f9 [none]
[debug] [2023-01-25T12:38:30.017Z] >>> [apiv2][body] POST https://upload-firebasehosting.googleapis.com/upload/sites/deployfullstack-754da/versions/39af01f29bb9bc8b/files/eae62e993eb980ec8a25058c39d5a51feab118bd2100c4deebb2a9c158ec11f9 [stream]
[debug] [2023-01-25T12:38:30.020Z] >>> [apiv2][query] POST https://upload-firebasehosting.googleapis.com/upload/sites/deployfullstack-754da/versions/39af01f29bb9bc8b/files/1f3b57b1c805826e01e8e017a824adb204c1fe784eb387c09eafb95e42a0c1c6 [none]
[debug] [2023-01-25T12:38:30.021Z] >>> [apiv2][body] POST https://upload-firebasehosting.googleapis.com/upload/sites/deployfullstack-754da/versions/39af01f29bb9bc8b/files/1f3b57b1c805826e01e8e017a824adb204c1fe784eb387c09eafb95e42a0c1c6 [stream]
[debug] [2023-01-25T12:38:30.024Z] >>> [apiv2][query] POST https://upload-firebasehosting.googleapis.com/upload/sites/deployfullstack-754da/versions/39af01f29bb9bc8b/files/9ce722ebb557a55a85fee8e58c66527282c159ea0039cdf9df3319a62e2d9377 [none]
[debug] [2023-01-25T12:38:30.024Z] >>> [apiv2][body] POST https://upload-firebasehosting.googleapis.com/upload/sites/deployfullstack-754da/versions/39af01f29bb9bc8b/files/9ce722ebb557a55a85fee8e58c66527282c159ea0039cdf9df3319a62e2d9377 [stream]
[debug] [2023-01-25T12:38:30.026Z] >>> [apiv2][query] POST https://upload-firebasehosting.googleapis.com/upload/sites/deployfullstack-754da/versions/39af01f29bb9bc8b/files/3deef1b69fbc57b09ebaefc374724701188db822891dc7857701f921d438684b [none]
[debug] [2023-01-25T12:38:30.026Z] >>> [apiv2][body] POST https://upload-firebasehosting.googleapis.com/upload/sites/deployfullstack-754da/versions/39af01f29bb9bc8b/files/3deef1b69fbc57b09ebaefc374724701188db822891dc7857701f921d438684b [stream]
[debug] [2023-01-25T12:38:30.028Z] >>> [apiv2][query] POST https://upload-firebasehosting.googleapis.com/upload/sites/deployfullstack-754da/versions/39af01f29bb9bc8b/files/fa01626eb6cbebf0e536ef388880a3ce370749e44078128502bcb16d868f6200 [none]
[debug] [2023-01-25T12:38:30.028Z] >>> [apiv2][body] POST https://upload-firebasehosting.googleapis.com/upload/sites/deployfullstack-754da/versions/39af01f29bb9bc8b/files/fa01626eb6cbebf0e536ef388880a3ce370749e44078128502bcb16d868f6200 [stream]
[debug] [2023-01-25T12:38:30.029Z] >>> [apiv2][query] POST https://upload-firebasehosting.googleapis.com/upload/sites/deployfullstack-754da/versions/39af01f29bb9bc8b/files/7dbc5ed11818fc6991fa8ee43bd5e981473776c77bb148011d8759011ca450d0 [none]
[debug] [2023-01-25T12:38:30.029Z] >>> [apiv2][body] POST https://upload-firebasehosting.googleapis.com/upload/sites/deployfullstack-754da/versions/39af01f29bb9bc8b/files/7dbc5ed11818fc6991fa8ee43bd5e981473776c77bb148011d8759011ca450d0 [stream]
[debug] [2023-01-25T12:38:30.031Z] >>> [apiv2][query] POST https://upload-firebasehosting.googleapis.com/upload/sites/deployfullstack-754da/versions/39af01f29bb9bc8b/files/6b06d6a19cbdae1dc9081bda81b7240e4de05ad0b700536d3a6329f6d5b367b3 [none]
[debug] [2023-01-25T12:38:30.031Z] >>> [apiv2][body] POST https://upload-firebasehosting.googleapis.com/upload/sites/deployfullstack-754da/versions/39af01f29bb9bc8b/files/6b06d6a19cbdae1dc9081bda81b7240e4de05ad0b700536d3a6329f6d5b367b3 [stream]
[debug] [2023-01-25T12:38:30.032Z] >>> [apiv2][query] POST https://upload-firebasehosting.googleapis.com/upload/sites/deployfullstack-754da/versions/39af01f29bb9bc8b/files/bfe106a3fb878dc83461c86818bf74fc1bdc7f28538ba613cd3e775516ce8b49 [none]
[debug] [2023-01-25T12:38:30.033Z] >>> [apiv2][body] POST https://upload-firebasehosting.googleapis.com/upload/sites/deployfullstack-754da/versions/39af01f29bb9bc8b/files/bfe106a3fb878dc83461c86818bf74fc1bdc7f28538ba613cd3e775516ce8b49 [stream]
[debug] [2023-01-25T12:38:30.034Z] >>> [apiv2][query] POST https://upload-firebasehosting.googleapis.com/upload/sites/deployfullstack-754da/versions/39af01f29bb9bc8b/files/7d47e57e1ce359712a8fa7ae27b3e8244066f5029ef050e93d4a44a47c3bbcfd [none]
[debug] [2023-01-25T12:38:30.034Z] >>> [apiv2][body] POST https://upload-firebasehosting.googleapis.com/upload/sites/deployfullstack-754da/versions/39af01f29bb9bc8b/files/7d47e57e1ce359712a8fa7ae27b3e8244066f5029ef050e93d4a44a47c3bbcfd [stream]
[debug] [2023-01-25T12:38:30.036Z] >>> [apiv2][query] POST https://upload-firebasehosting.googleapis.com/upload/sites/deployfullstack-754da/versions/39af01f29bb9bc8b/files/ee7e2f3fdb8209c4b6fd7bef6ba50d1b9dba30a25bb5c3126df057e1cb6f5331 [none]
[debug] [2023-01-25T12:38:30.036Z] >>> [apiv2][body] POST https://upload-firebasehosting.googleapis.com/upload/sites/deployfullstack-754da/versions/39af01f29bb9bc8b/files/ee7e2f3fdb8209c4b6fd7bef6ba50d1b9dba30a25bb5c3126df057e1cb6f5331 [stream]
[debug] [2023-01-25T12:38:30.038Z] >>> [apiv2][query] POST https://upload-firebasehosting.googleapis.com/upload/sites/deployfullstack-754da/versions/39af01f29bb9bc8b/files/612566ee0168340909ec4afe7c9f5a8870516d7026d13141396090aea6db43d4 [none]
[debug] [2023-01-25T12:38:30.039Z] >>> [apiv2][body] POST https://upload-firebasehosting.googleapis.com/upload/sites/deployfullstack-754da/versions/39af01f29bb9bc8b/files/612566ee0168340909ec4afe7c9f5a8870516d7026d13141396090aea6db43d4 [stream]
[debug] [2023-01-25T12:38:30.043Z] [hosting][populate queue][FINAL] {"max":4317,"min":4317,"avg":4317,"active":0,"complete":1,"success":1,"errored":0,"retried":0,"total":1,"elapsed":4354}
[debug] [2023-01-25T12:38:30.043Z] [hosting] uploads queued: 15
[debug] [2023-01-25T12:38:31.600Z] <<< [apiv2][status] POST https://upload-firebasehosting.googleapis.com/upload/sites/deployfullstack-754da/versions/39af01f29bb9bc8b/files/3ee59515172ee198f3be375979df15ac5345183e656720a381b8872b2a39dc8b 200
[debug] [2023-01-25T12:38:31.600Z] <<< [apiv2][body] POST https://upload-firebasehosting.googleapis.com/upload/sites/deployfullstack-754da/versions/39af01f29bb9bc8b/files/3ee59515172ee198f3be375979df15ac5345183e656720a381b8872b2a39dc8b [stream]
[debug] [2023-01-25T12:38:31.735Z] <<< [apiv2][status] POST https://upload-firebasehosting.googleapis.com/upload/sites/deployfullstack-754da/versions/39af01f29bb9bc8b/files/473220a1236949865fb1053928b7e2582735f763b0ceda1d3dc79e856a897098 200
[debug] [2023-01-25T12:38:31.735Z] <<< [apiv2][body] POST https://upload-firebasehosting.googleapis.com/upload/sites/deployfullstack-754da/versions/39af01f29bb9bc8b/files/473220a1236949865fb1053928b7e2582735f763b0ceda1d3dc79e856a897098 [stream]
[debug] [2023-01-25T12:38:32.009Z] <<< [apiv2][status] POST https://upload-firebasehosting.googleapis.com/upload/sites/deployfullstack-754da/versions/39af01f29bb9bc8b/files/bfe106a3fb878dc83461c86818bf74fc1bdc7f28538ba613cd3e775516ce8b49 200
[debug] [2023-01-25T12:38:32.009Z] <<< [apiv2][body] POST https://upload-firebasehosting.googleapis.com/upload/sites/deployfullstack-754da/versions/39af01f29bb9bc8b/files/bfe106a3fb878dc83461c86818bf74fc1bdc7f28538ba613cd3e775516ce8b49 [stream]
[debug] [2023-01-25T12:38:32.017Z] <<< [apiv2][status] POST https://upload-firebasehosting.googleapis.com/upload/sites/deployfullstack-754da/versions/39af01f29bb9bc8b/files/7d47e57e1ce359712a8fa7ae27b3e8244066f5029ef050e93d4a44a47c3bbcfd 200
[debug] [2023-01-25T12:38:32.017Z] <<< [apiv2][body] POST https://upload-firebasehosting.googleapis.com/upload/sites/deployfullstack-754da/versions/39af01f29bb9bc8b/files/7d47e57e1ce359712a8fa7ae27b3e8244066f5029ef050e93d4a44a47c3bbcfd [stream]
[debug] [2023-01-25T12:38:32.266Z] <<< [apiv2][status] POST https://upload-firebasehosting.googleapis.com/upload/sites/deployfullstack-754da/versions/39af01f29bb9bc8b/files/eae62e993eb980ec8a25058c39d5a51feab118bd2100c4deebb2a9c158ec11f9 200
[debug] [2023-01-25T12:38:32.267Z] <<< [apiv2][body] POST https://upload-firebasehosting.googleapis.com/upload/sites/deployfullstack-754da/versions/39af01f29bb9bc8b/files/eae62e993eb980ec8a25058c39d5a51feab118bd2100c4deebb2a9c158ec11f9 [stream]
[debug] [2023-01-25T12:38:32.308Z] <<< [apiv2][status] POST https://upload-firebasehosting.googleapis.com/upload/sites/deployfullstack-754da/versions/39af01f29bb9bc8b/files/1f3b57b1c805826e01e8e017a824adb204c1fe784eb387c09eafb95e42a0c1c6 200
[debug] [2023-01-25T12:38:32.308Z] <<< [apiv2][body] POST https://upload-firebasehosting.googleapis.com/upload/sites/deployfullstack-754da/versions/39af01f29bb9bc8b/files/1f3b57b1c805826e01e8e017a824adb204c1fe784eb387c09eafb95e42a0c1c6 [stream]
[debug] [2023-01-25T12:38:32.346Z] <<< [apiv2][status] POST https://upload-firebasehosting.googleapis.com/upload/sites/deployfullstack-754da/versions/39af01f29bb9bc8b/files/aff3449bdc238776f5d6d967f19ec491b36aed5fb7f23ccff6500736fd58494a 200
[debug] [2023-01-25T12:38:32.346Z] <<< [apiv2][body] POST https://upload-firebasehosting.googleapis.com/upload/sites/deployfullstack-754da/versions/39af01f29bb9bc8b/files/aff3449bdc238776f5d6d967f19ec491b36aed5fb7f23ccff6500736fd58494a [stream]
[debug] [2023-01-25T12:38:32.683Z] <<< [apiv2][status] POST https://upload-firebasehosting.googleapis.com/upload/sites/deployfullstack-754da/versions/39af01f29bb9bc8b/files/fa01626eb6cbebf0e536ef388880a3ce370749e44078128502bcb16d868f6200 200
[debug] [2023-01-25T12:38:32.683Z] <<< [apiv2][body] POST https://upload-firebasehosting.googleapis.com/upload/sites/deployfullstack-754da/versions/39af01f29bb9bc8b/files/fa01626eb6cbebf0e536ef388880a3ce370749e44078128502bcb16d868f6200 [stream]
[debug] [2023-01-25T12:38:32.862Z] <<< [apiv2][status] POST https://upload-firebasehosting.googleapis.com/upload/sites/deployfullstack-754da/versions/39af01f29bb9bc8b/files/ee7e2f3fdb8209c4b6fd7bef6ba50d1b9dba30a25bb5c3126df057e1cb6f5331 200
[debug] [2023-01-25T12:38:32.862Z] <<< [apiv2][body] POST https://upload-firebasehosting.googleapis.com/upload/sites/deployfullstack-754da/versions/39af01f29bb9bc8b/files/ee7e2f3fdb8209c4b6fd7bef6ba50d1b9dba30a25bb5c3126df057e1cb6f5331 [stream]
[debug] [2023-01-25T12:38:33.017Z] <<< [apiv2][status] POST https://upload-firebasehosting.googleapis.com/upload/sites/deployfullstack-754da/versions/39af01f29bb9bc8b/files/13ba252afc10f482fd8adcf50ac3e9691d8fe3f11dff50ce7e19e1a41987b823 200
[debug] [2023-01-25T12:38:33.017Z] <<< [apiv2][body] POST https://upload-firebasehosting.googleapis.com/upload/sites/deployfullstack-754da/versions/39af01f29bb9bc8b/files/13ba252afc10f482fd8adcf50ac3e9691d8fe3f11dff50ce7e19e1a41987b823 [stream]
[debug] [2023-01-25T12:38:33.276Z] <<< [apiv2][status] POST https://upload-firebasehosting.googleapis.com/upload/sites/deployfullstack-754da/versions/39af01f29bb9bc8b/files/7dbc5ed11818fc6991fa8ee43bd5e981473776c77bb148011d8759011ca450d0 200
[debug] [2023-01-25T12:38:33.276Z] <<< [apiv2][body] POST https://upload-firebasehosting.googleapis.com/upload/sites/deployfullstack-754da/versions/39af01f29bb9bc8b/files/7dbc5ed11818fc6991fa8ee43bd5e981473776c77bb148011d8759011ca450d0 [stream]
[debug] [2023-01-25T12:38:33.457Z] <<< [apiv2][status] POST https://upload-firebasehosting.googleapis.com/upload/sites/deployfullstack-754da/versions/39af01f29bb9bc8b/files/9ce722ebb557a55a85fee8e58c66527282c159ea0039cdf9df3319a62e2d9377 200
[debug] [2023-01-25T12:38:33.457Z] <<< [apiv2][body] POST https://upload-firebasehosting.googleapis.com/upload/sites/deployfullstack-754da/versions/39af01f29bb9bc8b/files/9ce722ebb557a55a85fee8e58c66527282c159ea0039cdf9df3319a62e2d9377 [stream]
[debug] [2023-01-25T12:38:33.637Z] <<< [apiv2][status] POST https://upload-firebasehosting.googleapis.com/upload/sites/deployfullstack-754da/versions/39af01f29bb9bc8b/files/3deef1b69fbc57b09ebaefc374724701188db822891dc7857701f921d438684b 200
[debug] [2023-01-25T12:38:33.637Z] <<< [apiv2][body] POST https://upload-firebasehosting.googleapis.com/upload/sites/deployfullstack-754da/versions/39af01f29bb9bc8b/files/3deef1b69fbc57b09ebaefc374724701188db822891dc7857701f921d438684b [stream]
[debug] [2023-01-25T12:38:33.908Z] <<< [apiv2][status] POST https://upload-firebasehosting.googleapis.com/upload/sites/deployfullstack-754da/versions/39af01f29bb9bc8b/files/6b06d6a19cbdae1dc9081bda81b7240e4de05ad0b700536d3a6329f6d5b367b3 200
[debug] [2023-01-25T12:38:33.908Z] <<< [apiv2][body] POST https://upload-firebasehosting.googleapis.com/upload/sites/deployfullstack-754da/versions/39af01f29bb9bc8b/files/6b06d6a19cbdae1dc9081bda81b7240e4de05ad0b700536d3a6329f6d5b367b3 [stream]
[debug] [2023-01-25T12:38:34.998Z] <<< [apiv2][status] POST https://upload-firebasehosting.googleapis.com/upload/sites/deployfullstack-754da/versions/39af01f29bb9bc8b/files/612566ee0168340909ec4afe7c9f5a8870516d7026d13141396090aea6db43d4 200
[debug] [2023-01-25T12:38:34.998Z] <<< [apiv2][body] POST https://upload-firebasehosting.googleapis.com/upload/sites/deployfullstack-754da/versions/39af01f29bb9bc8b/files/612566ee0168340909ec4afe7c9f5a8870516d7026d13141396090aea6db43d4 [stream]
[debug] [2023-01-25T12:38:34.998Z] [hosting][upload queue][FINAL] {"max":4993,"min":1599,"avg":2805.266666666667,"active":0,"complete":15,"success":15,"errored":0,"retried":0,"total":15,"elapsed":4998}
[info] +  hosting[deployfullstack-754da]: file upload complete 
[debug] [2023-01-25T12:38:35.000Z] [hosting] deploy completed after 9759ms
[debug] [2023-01-25T12:38:35.002Z] [
  {
    "config": {
      "public": "build",
      "ignore": [
        "firebase.json",
        "**/.*",
        "**/node_modules/**"
      ],
      "site": "deployfullstack-754da"
    },
    "version": "projects/48552399155/sites/deployfullstack-754da/versions/39af01f29bb9bc8b"
  }
]
[info] i  hosting[deployfullstack-754da]: finalizing version... 
[debug] [2023-01-25T12:38:35.005Z] >>> [apiv2][query] PATCH https://firebasehosting.googleapis.com/v1beta1/projects/-/sites/deployfullstack-754da/versions/39af01f29bb9bc8b updateMask=status%2Cconfig
[debug] [2023-01-25T12:38:35.005Z] >>> [apiv2][body] PATCH https://firebasehosting.googleapis.com/v1beta1/projects/-/sites/deployfullstack-754da/versions/39af01f29bb9bc8b {"status":"FINALIZED","config":{}}
[debug] [2023-01-25T12:38:37.248Z] <<< [apiv2][status] PATCH https://firebasehosting.googleapis.com/v1beta1/projects/-/sites/deployfullstack-754da/versions/39af01f29bb9bc8b 200
[debug] [2023-01-25T12:38:37.248Z] <<< [apiv2][body] PATCH https://firebasehosting.googleapis.com/v1beta1/projects/-/sites/deployfullstack-754da/versions/39af01f29bb9bc8b {"name":"projects/48552399155/sites/deployfullstack-754da/versions/39af01f29bb9bc8b","status":"FINALIZED","config":{},"labels":{"deployment-tool":"cli-firebase"},"createTime":"2023-01-25T12:38:26.413428Z","createUser":{"email":"ilhamhalmurzaev@gmail.com"},"finalizeTime":"2023-01-25T12:38:39.153499Z","finalizeUser":{"email":"ilhamhalmurzaev@gmail.com"}}
[debug] [2023-01-25T12:38:37.249Z] [hosting] finalized version for deployfullstack-754da:[object Object]
[info] +  hosting[deployfullstack-754da]: version finalized 
[info] i  hosting[deployfullstack-754da]: releasing new version... 
[debug] [2023-01-25T12:38:37.252Z] >>> [apiv2][query] POST https://firebasehosting.googleapis.com/v1beta1/projects/-/sites/deployfullstack-754da/channels/live/releases versionName=projects%2F48552399155%2Fsites%2Fdeployfullstack-754da%2Fversions%2F39af01f29bb9bc8b
[debug] [2023-01-25T12:38:37.253Z] >>> [apiv2][body] POST https://firebasehosting.googleapis.com/v1beta1/projects/-/sites/deployfullstack-754da/channels/live/releases {}
[debug] [2023-01-25T12:38:38.460Z] <<< [apiv2][status] POST https://firebasehosting.googleapis.com/v1beta1/projects/-/sites/deployfullstack-754da/channels/live/releases 200
[debug] [2023-01-25T12:38:38.460Z] <<< [apiv2][body] POST https://firebasehosting.googleapis.com/v1beta1/projects/-/sites/deployfullstack-754da/channels/live/releases {"name":"projects/48552399155/sites/deployfullstack-754da/channels/live/releases/1674650319771079","version":{"name":"projects/48552399155/sites/deployfullstack-754da/versions/39af01f29bb9bc8b","status":"FINALIZED","config":{},"labels":{"deployment-tool":"cli-firebase"},"createTime":"2023-01-25T12:38:26.413428Z","createUser":{"email":"ilhamhalmurzaev@gmail.com","imageUrl":"https://lh3.googleusercontent.com/a/AEdFTp6ElatzVuJBOQR6h6jHbHEv4GBMwzySIFNj8XYQQYs"},"finalizeTime":"2023-01-25T12:38:39.153499Z","finalizeUser":{"email":"ilhamhalmurzaev@gmail.com","imageUrl":"https://lh3.googleusercontent.com/a/AEdFTp6ElatzVuJBOQR6h6jHbHEv4GBMwzySIFNj8XYQQYs"}},"type":"DEPLOY","releaseTime":"2023-01-25T12:38:39.771079252Z","releaseUser":{"email":"ilhamhalmurzaev@gmail.com","imageUrl":"https://lh3.googleusercontent.com/a/AEdFTp6ElatzVuJBOQR6h6jHbHEv4GBMwzySIFNj8XYQQYs"}}
[debug] [2023-01-25T12:38:38.460Z] [hosting] release: {"name":"projects/48552399155/sites/deployfullstack-754da/channels/live/releases/1674650319771079","version":{"name":"projects/48552399155/sites/deployfullstack-754da/versions/39af01f29bb9bc8b","status":"FINALIZED","config":{},"labels":{"deployment-tool":"cli-firebase"},"createTime":"2023-01-25T12:38:26.413428Z","createUser":{"email":"ilhamhalmurzaev@gmail.com","imageUrl":"https://lh3.googleusercontent.com/a/AEdFTp6ElatzVuJBOQR6h6jHbHEv4GBMwzySIFNj8XYQQYs"},"finalizeTime":"2023-01-25T12:38:39.153499Z","finalizeUser":{"email":"ilhamhalmurzaev@gmail.com","imageUrl":"https://lh3.googleusercontent.com/a/AEdFTp6ElatzVuJBOQR6h6jHbHEv4GBMwzySIFNj8XYQQYs"}},"type":"DEPLOY","releaseTime":"2023-01-25T12:38:39.771079252Z","releaseUser":{"email":"ilhamhalmurzaev@gmail.com","imageUrl":"https://lh3.googleusercontent.com/a/AEdFTp6ElatzVuJBOQR6h6jHbHEv4GBMwzySIFNj8XYQQYs"}}
[info] +  hosting[deployfullstack-754da]: release complete 
[info] 
[info] +  Deploy complete! 
[info] 
[info] Project Console: https://console.firebase.google.com/project/deployfullstack-754da/overview
[info] Hosting URL: https://deployfullstack-754da.web.app
[debug] [2023-01-25T12:38:43.992Z] Error: Timed out.
    at Timeout._onTimeout (C:\Users\user\AppData\Roaming\npm\node_modules\firebase-tools\lib\utils.js:253:49)
    at listOnTimeout (node:internal/timers:564:17)
    at process.processTimers (node:internal/timers:507:7)
[error] 
[error] Error: An unexpected error has occurred.
